internal/goarch
internal/byteorder
internal/unsafeheader
internal/coverage/rtcov
internal/godebugs
internal/goos
internal/profilerecord
math/bits
internal/asan
internal/runtime/pprof/label
internal/msan
internal/goexperiment
internal/trace/tracev2
cmp
unicode/utf8
unicode
internal/cpu
sync/atomic
golang.org/x/text/encoding/internal/identifier
internal/runtime/syscall/linux
internal/abi
internal/runtime/atomic
internal/runtime/gc
internal/runtime/sys
internal/runtime/math
encoding
unicode/utf16
image/color
github.com/clipperhouse/uax29/v2/internal/iterators
crypto/internal/fips140deps/byteorder
crypto/internal/constanttime
crypto/internal/fips140/alias
golang.org/x/text/internal/utf8internal
internal/strconv
container/list
crypto/internal/boring/sig
vendor/golang.org/x/crypto/cryptobyte/asn1
vendor/golang.org/x/crypto/internal/alias
internal/nettrace
log/internal
dinky/internal/application/settingstype
crypto/internal/fips140/subtle
github.com/rivo/uniseg
internal/runtime/exithook
internal/chacha8rand
crypto/internal/fips140deps/cpu
internal/bytealg
internal/runtime/gc/scan
math
crypto/subtle
internal/stringslite
internal/runtime/cgroup
internal/race
internal/synctest
internal/sync
internal/runtime/maps
runtime
internal/reflectlite
iter
sync
weak
maps
slices
internal/bisect
crypto/internal/fips140cache
internal/testlog
internal/singleflight
unique
errors
sort
internal/oserror
path
strconv
io
math/rand/v2
vendor/golang.org/x/net/dns/dnsmessage
internal/godebug
syscall
golang.org/x/text/internal/tag
reflect
net/netip
bytes
internal/saferio
encoding/base64
hash
strings
crypto/internal/randutil
crypto
hash/crc32
math/rand
crypto/internal/fips140deps/godebug
golang.org/x/text/transform
vendor/golang.org/x/text/transform
bufio
golang.org/x/text/encoding
crypto/internal/impl
crypto/internal/fips140
golang.org/x/text/runes
encoding/pem
regexp/syntax
net/http/internal/ascii
html
dinky/internal/utility
crypto/internal/fips140/sha256
crypto/internal/fips140/sha3
crypto/internal/fips140/sha512
github.com/gdamore/encoding
golang.org/x/text/encoding/internal
internal/syscall/execenv
time
internal/syscall/unix
golang.org/x/text/encoding/charmap
golang.org/x/text/encoding/korean
golang.org/x/text/encoding/japanese
golang.org/x/text/encoding/simplifiedchinese
golang.org/x/text/encoding/traditionalchinese
golang.org/x/text/encoding/unicode
github.com/clipperhouse/uax29/v2/graphemes
image
crypto/internal/fips140/hmac
crypto/sha3
crypto/internal/fips140hash
crypto/internal/fips140/check
regexp
crypto/fips140
crypto/internal/fips140/aes
crypto/internal/fips140/nistec/fiat
crypto/internal/fips140/edwards25519/field
crypto/internal/fips140/bigmod
crypto/internal/fips140/hkdf
crypto/internal/fips140/tls12
crypto/internal/fips140/tls13
crypto/tls/internal/fips140tls
crypto/internal/fips140/edwards25519
context
internal/poll
crypto/internal/fips140deps/time
io/fs
crypto/internal/entropy/v1.0.0
internal/filepathlite
embed
crypto/internal/fips140/nistec
os
internal/fmtsort
encoding/binary
vendor/golang.org/x/crypto/internal/poly1305
golang.org/x/sys/unix
os/signal
crypto/internal/sysrand
fmt
github.com/mattn/go-runewidth
path/filepath
io/ioutil
vendor/golang.org/x/sys/cpu
net
crypto/internal/fips140/drbg
crypto/internal/fips140only
crypto/internal/fips140/aes/gcm
crypto/internal/fips140/ecdh
crypto/internal/fips140/ecdsa
crypto/internal/fips140/ed25519
crypto/internal/fips140/mlkem
crypto/internal/fips140/rsa
crypto/rc4
crypto/md5
crypto/hkdf
os/exec
github.com/google/renameio/v2
github.com/sedwards2009/smidgen/runtime
crypto/cipher
crypto/mlkem
github.com/atotto/clipboard
vendor/golang.org/x/crypto/chacha20
crypto/internal/boring
crypto/des
github.com/sedwards2009/smidgen/micro/clipboard
github.com/gdamore/tcell/v2/terminfo
encoding/json
golang.org/x/text/internal/language
database/sql/driver
compress/flate
log
net/url
encoding/hex
vendor/golang.org/x/net/http2/hpack
mime
math/big
vendor/golang.org/x/text/unicode/norm
crypto/internal/rand
crypto/aes
crypto/sha512
crypto/hmac
crypto/sha256
vendor/golang.org/x/crypto/chacha20poly1305
crypto/sha1
mime/quotedprintable
crypto/ecdh
net/http/internal
github.com/gdamore/tcell/v2/terminfo/a/ansi
github.com/gdamore/tcell/v2/terminfo/t/tmux
github.com/gdamore/tcell/v2/terminfo/v/vt100
github.com/gdamore/tcell/v2/terminfo/v/vt102
github.com/gdamore/tcell/v2/terminfo/v/vt220
github.com/gdamore/tcell/v2/terminfo/x/xterm
github.com/gdamore/tcell/v2/terminfo/dynamic
github.com/gdamore/tcell/v2/terminfo/a/aixterm
github.com/gdamore/tcell/v2/terminfo/a/alacritty
github.com/gdamore/tcell/v2/terminfo/b/beterm
github.com/gdamore/tcell/v2/terminfo/c/cygwin
github.com/gdamore/tcell/v2/terminfo/d/dtterm
github.com/gdamore/tcell/v2/terminfo/e/emacs
github.com/gdamore/tcell/v2/terminfo/base
github.com/gdamore/tcell/v2/terminfo/f/foot
github.com/gdamore/tcell/v2/terminfo/g/gnome
github.com/gdamore/tcell/v2/terminfo/h/hpterm
github.com/gdamore/tcell/v2/terminfo/k/konsole
github.com/gdamore/tcell/v2/terminfo/k/kterm
github.com/gdamore/tcell/v2/terminfo/l/linux
github.com/gdamore/tcell/v2/terminfo/p/pcansi
github.com/gdamore/tcell/v2/terminfo/r/rxvt
github.com/gdamore/tcell/v2/terminfo/s/screen
github.com/gdamore/tcell/v2/terminfo/s/sun
github.com/gdamore/tcell/v2/terminfo/v/vt320
github.com/gdamore/tcell/v2/terminfo/v/vt400
github.com/gdamore/tcell/v2/terminfo/v/vt420
github.com/gdamore/tcell/v2/terminfo/v/vt52
github.com/gdamore/tcell/v2/terminfo/w/wy50
github.com/gdamore/tcell/v2/terminfo/w/wy60
github.com/gdamore/tcell/v2/terminfo/s/simpleterm
github.com/gdamore/tcell/v2/terminfo/w/wy99_ansi
github.com/gdamore/tcell/v2/terminfo/x/xfce
github.com/gdamore/tcell/v2/terminfo/x/xterm_ghostty
github.com/gdamore/tcell/v2/terminfo/x/xterm_kitty
vendor/golang.org/x/text/unicode/bidi
crypto/hpke
compress/gzip
archive/zip
os/user
github.com/sergi/go-diff/diffmatchpatch
gopkg.in/yaml.v2
runtime/debug
golang.org/x/text/internal/language/compact
github.com/gdamore/tcell/v2/terminfo/extended
golang.org/x/term
golang.org/x/text/language
vendor/golang.org/x/text/secure/bidirule
vendor/golang.org/x/net/idna
golang.org/x/text/encoding/htmlindex
github.com/lucasb-eyer/go-colorful
github.com/blang/semver
crypto/internal/boring/bbig
crypto/rand
crypto/dsa
encoding/asn1
github.com/sedwards2009/smidgen/pkg/highlight
crypto/elliptic
crypto/ed25519
crypto/rsa
vendor/golang.org/x/net/http/httpproxy
net/textproto
github.com/google/uuid
github.com/gdamore/tcell/v2
vendor/golang.org/x/crypto/cryptobyte
crypto/x509/pkix
vendor/golang.org/x/net/http/httpguts
mime/multipart
crypto/ecdsa
github.com/sedwards2009/smidgen/micro/config
dinky/internal/tui/utils
github.com/rivo/tview
crypto/x509
crypto/tls
dinky/internal/tui/scrollbar
dinky/internal/tui/stylecolor
dinky/internal/tui/table2
dinky/internal/tui/menu
dinky/internal/tui/tabbar
dinky/internal/tui/statusbar
net/http/httptrace
dinky/internal/tui/filelist
net/http/internal/httpcommon
net/http
github.com/sedwards2009/smidgen/micro/util
github.com/sedwards2009/smidgen/micro/buffer
github.com/sedwards2009/smidgen/micro/display
github.com/sedwards2009/smidgen/micro/action
github.com/sedwards2009/smidgen
dinky/internal/tui/smidgeninputfield
dinky/internal/tui/findbar
dinky/internal/tui/dialog
dinky/internal/tui/filedialog
dinky/internal/tui/settingsdialog
dinky/internal/tui/filterdialog
dinky/internal/tui/style
dinky/internal/application/filtercommandaction
dinky/internal/application
dinky
