?   	dinky	[no test files]
?   	dinky/cmd/filedialogdemo	[no test files]
?   	dinky/cmd/filelistdemo	[no test files]
?   	dinky/cmd/inputdialogdemo	[no test files]
?   	dinky/cmd/listdialogdemo	[no test files]
?   	dinky/cmd/messagedialogdemo	[no test files]
?   	dinky/cmd/scrollbardemo	[no test files]
?   	dinky/cmd/smidgeninputfielddemo	[no test files]
?   	dinky/internal/application	[no test files]
?   	dinky/internal/application/filtercommandaction	[no test files]
?   	dinky/internal/application/settingstype	[no test files]
?   	dinky/internal/tui/dialog	[no test files]
?   	dinky/internal/tui/filedialog	[no test files]
?   	dinky/internal/tui/filelist	[no test files]
?   	dinky/internal/tui/filterdialog	[no test files]
?   	dinky/internal/tui/findbar	[no test files]
?   	dinky/internal/tui/menu	[no test files]
?   	dinky/internal/tui/scrollbar	[no test files]
?   	dinky/internal/tui/settingsdialog	[no test files]
?   	dinky/internal/tui/smidgeninputfield	[no test files]
?   	dinky/internal/tui/statusbar	[no test files]
?   	dinky/internal/tui/style	[no test files]
?   	dinky/internal/tui/stylecolor	[no test files]
?   	dinky/internal/tui/tabbar	[no test files]
?   	dinky/internal/tui/table2	[no test files]
?   	dinky/internal/tui/utils	[no test files]
?   	dinky/internal/utility	[no test files]
